
   Program: 
  1   VarDecl: 
         Type: int
  1      Identifier: i
  2   VarDecl: 
         Type: bool
  2      Identifier: b
  3   VarDecl: 
         Type: float
  3      Identifier: f
  5   FnDecl: 
         (return type) Type: void
  5      Identifier: foo
         (body) StmtBlock: 
  6         VarDecl: 
               Type: int
  6            Identifier: i2
  7         VarDecl: 
               Type: bool
  7            Identifier: b2
  8         VarDecl: 
               Type: float
  8            Identifier: f2
 10         AssignExpr: 
 10            VarExpr: 
 10               Identifier: i
 10            Operator: =
 10            IntConstant: 1
 11         AssignExpr: 
 11            VarExpr: 
 11               Identifier: i
 11            Operator: =
 11            VarExpr: 
 11               Identifier: i2
 13         AssignExpr: 
 13            VarExpr: 
 13               Identifier: b
 13            Operator: =
 13            BoolConstant: true
 14         AssignExpr: 
 14            VarExpr: 
 14               Identifier: b2
 14            Operator: =
 14            VarExpr: 
 14               Identifier: b
 16         AssignExpr: 
 16            VarExpr: 
 16               Identifier: f
 16            Operator: =
 16            FloatConstant: 4.3
 17         AssignExpr: 
 17            VarExpr: 
 17               Identifier: f2
 17            Operator: =
 17            VarExpr: 
 17               Identifier: f
